<?xml version="1.0" encoding="UTF-8"?>
<!-- Generated by org.testng.reporters.JUnitReportReporter -->
<testsuite name="com.ebay.automation.pagetests.HomePageTest" tests="1" time="32.180" ignored="5" failures="0" timestamp="23 Jul 2020 12:45:15 GMT" skipped="1" hostname="LAPTOP-JOPOHLMU" errors="0">
  <testcase name="openPurchaseHistory" time="32.180" classname="com.ebay.automation.pagetests.HomePageTest">
    <skipped/>
  </testcase> <!-- openPurchaseHistory -->
  <testcase name="login" classname="com.ebay.automation.pagetests.LoginPageTest">
    <skipped/>
  </testcase> <!-- login -->
  <testcase name="assertLoginPageTitle" classname="com.ebay.automation.pagetests.LoginPageTest">
    <skipped/>
  </testcase> <!-- assertLoginPageTitle -->
  <testcase name="searchForProduct" classname="com.ebay.automation.pagetests.LoginPageTest">
    <skipped/>
  </testcase> <!-- searchForProduct -->
  <testcase name="signUp" classname="com.ebay.automation.pagetests.LoginPageTest">
    <skipped/>
  </testcase> <!-- signUp -->
  <testcase name="openPurchaseHistory" classname="com.ebay.automation.pagetests.HomePageTest">
    <skipped/>
  </testcase> <!-- openPurchaseHistory -->
</testsuite> <!-- com.ebay.automation.pagetests.HomePageTest -->
